Started by user unknown or anonymous
Obtained Jenkinsfile from git https://github.com/prashanth-1993/hello-world-servlet.git
Running in Durability level: MAX_SURVIVABILITY
[8mha:////4Ke+ulOh/YnD2xoNx3uDyQFFZzwDq1A/RrrjLf71qlkGAAAAoh+LCAAAAAAAAP9tjTEOwjAQBM8BClpKHuFItIiK1krDC0x8GCfWnbEdkooX8TX+gCESFVvtrLSa5wtWKcKBo5UdUu8otU4GP9jS5Mixv3geZcdn2TIl9igbHBs2eJyx4YwwR1SwULBGaj0nRzbDRnX6rmuvydanHMu2V1A5c4MHCFXMWcf8hSnC9jqYxPTz/BXAFEIGsfuclm8zQVqFvQAAAA==[0m[Pipeline] Start of Pipeline
[8mha:////4Keo8ZTEF+K2dmgPtfm6NDHkvQvyvZo2M1kib9LBb9btAAAApR+LCAAAAAAAAP9tjTEOwjAUQ3+KOrAycohUghExsUZZOEFIQkgb/d8mKe3EibgadyBQiQlLlmxL1nu+oE4RjhQdby12HpP2vA+jK4lPFLtroIm3dOGaMFGwXNpJkrGnpUrKFhaxClYC1hZ1oOTRZdiIVt1VExS65pxj2Q4CKm8GeAAThZxVzN8yR9jeRpMIf5y/AJj7DGxXvP/86jduZBmjwAAAAA==[0m[Pipeline] node
Running on [8mha:////4Fwrlcv6EcEKMQj5OBRn9yxu580H2vMm4nyI2rzxX/q8AAAAnh+LCAAAAAAAAP9b85aBtbiIQTGjNKU4P08vOT+vOD8nVc83PyU1x6OyILUoJzMv2y+/JJUBAhiZGBgqihhk0NSjKDWzXb3RdlLBUSYGJk8GtpzUvPSSDB8G5tKinBIGIZ+sxLJE/ZzEvHT94JKizLx0a6BxUmjGOUNodHsLgAz2EgZh/eT83ILSktQifY3cxGIgrakPAHib2iPIAAAA[0mJenkins in /var/lib/jenkins/workspace/pipeline
[8mha:////4IVe+vBx1T8F9PAewLCPHZcnaY/xlM2nqO4YWW1ZCxtCAAAApR+LCAAAAAAAAP9tjTEOwjAUQ3+KOrAycoh0gA0xsUZZOEFIQkgb/d8mKe3EibgadyBQiQlLlmxL1nu+oE4RjhQdby12HpP2vA+jK4lPFLtroIm3dOGaMFGwXNpJkrGnpUrKFhaxClYC1hZ1oOTRZdiIVt1VExS65pxj2Q4CKm8GeAAThZxVzN8yR9jeRpMIf5y/AJj7DGxXvP/86jfoP95RwAAAAA==[0m[Pipeline] {
[8mha:////4Fzu2mSHBJjRYXNRmdex2gHA1r7MXbl8LXKhAiuJG5mWAAAApR+LCAAAAAAAAP9tjTEOwjAUQ3+KOrAycoh0gQkxsUZZOEFIQkgb/d8mKe3EibgadyBQiQlLlmxL1nu+oE4RjhQdby12HpP2vA+jK4lPFLtroIm3dOGaMFGwXNpJkrGnpUrKFhaxClYC1hZ1oOTRZdiIVt1VExS65pxj2Q4CKm8GeAAThZxVzN8yR9jeRpMIf5y/AJj7DGxXvP/86jc09154wAAAAA==[0m[Pipeline] stage
[8mha:////4JM/PwxWhFB5l+VrmTMsNkYWN+W5R5H5DQlq0pSJsK56AAAApR+LCAAAAAAAAP9tjTEOwjAUQ3+KOrAycoh0ggUxsUZZOEFIQkgb/d8mKe3EibgadyBQiQlLlmxL1nu+oE4RjhQdby12HpP2vA+jK4lPFLtroIm3dOGaMFGwXNpJkrGnpUrKFhaxClYC1hZ1oOTRZdiIVt1VExS65pxj2Q4CKm8GeAAThZxVzN8yR9jeRpMIf5y/AJj7DGxXvP/86jek7ggRwAAAAA==[0m[Pipeline] { (Declarative: Checkout SCM)
[8mha:////4HeZfPhLcLcVbgUU488/hridRVVSXjPGccBxbW4jleVcAAAAoh+LCAAAAAAAAP9tjTEOAiEURD9rLGwtPQTbaWGsbAmNJ0AWEZb8zwLrbuWJvJp3kLiJlZNMMm+a93rDOic4UbLcG+wdZu14DKOti0+U+lugiXu6ck2YKRguzSSpM+cFJRUDS1gDKwEbgzpQdmgLbIVXD9UGhba9lFS/o4DGdQM8gYlqLiqVL8wJdvexy4Q/z18BzLEA29ce4gfg7KmOvAAAAA==[0m[Pipeline] checkout
No credentials specified
 > git rev-parse --is-inside-work-tree # timeout=10
Fetching changes from the remote Git repository
 > git config remote.origin.url https://github.com/prashanth-1993/hello-world-servlet.git # timeout=10
Fetching upstream changes from https://github.com/prashanth-1993/hello-world-servlet.git
 > git --version # timeout=10
 > git fetch --tags --progress https://github.com/prashanth-1993/hello-world-servlet.git +refs/heads/*:refs/remotes/origin/*
 > git rev-parse refs/remotes/origin/master^{commit} # timeout=10
 > git rev-parse refs/remotes/origin/origin/master^{commit} # timeout=10
Checking out Revision 360eb35d27c2fa80f528740fe0a00733976eeec4 (refs/remotes/origin/master)
 > git config core.sparsecheckout # timeout=10
 > git checkout -f 360eb35d27c2fa80f528740fe0a00733976eeec4
Commit message: "Update Jenkinsfile"
First time build. Skipping changelog.
[8mha:////4EMRwykT3hHKOryFAa5PXxYDH5LBwGpBxmZe9mi+1+uKAAAAoh+LCAAAAAAAAP9tjTEOAiEURD9rLGwtPQTbGRNjZUtoPAGyiLDkfxZYdytP5NW8g8RNrJxkknnTvNcb1jnBiZLl3mDvMGvHYxhtXXyi1N8CTdzTlWvCTMFwaSZJnTkvKKkYWMIaWAnYGNSBskNbYCu8eqg2KLTtpaT6HQU0rhvgCUxUc1GpfGFOsLuPXSb8ef4KYI6xADvU7j9Dg2gqvAAAAA==[0m[Pipeline] }
[8mha:////4MQWLJZXq6V8O/hdu+WVqK+TDTu+cpEEPv7Me0kHlu/LAAAAoh+LCAAAAAAAAP9tjTEOAiEURD9rLGwtPQRbWRhjZUtoPAGyiLDkfxZYdytP5NW8g8RNrJxkknnTvNcb1jnBiZLl3mDvMGvHYxhtXXyi1N8CTdzTlWvCTMFwaSZJnTkvKKkYWMIaWAnYGNSBskNbYCu8eqg2KLTtpaT6HQU0rhvgCUxUc1GpfGFOsLuPXSb8ef4KYI6xADvU7j9J+wGOvAAAAA==[0m[Pipeline] // stage
[8mha:////4KP5jXFdfrteCzsQbtIa5LilfJoDq5DT2apsN8RrXfW3AAAAph+LCAAAAAAAAP9tjTEOwjAQBM9BKWgpeYQDEh2iorXc8AITG+PEugv2haTiRXyNPxCIRMVWOyut5vmCMic4UPKycdgGzHWQXez91ORAqb1EGmRDZ1kTZopOajdosu44oyZ2MEcUsFCwdFhHygE9w0o15m6qaNBXJ07TtldQBHuDBwg1mdkk/sKYYH3tbSb8ef4KYOwYxI6h2G4+x/INtuQqUcEAAAA=[0m[Pipeline] withEnv
[8mha:////4Bc6x9OXNUMV+LN5d1p1ESN9DUyEGPWG6nzg6Ad9ApGfAAAApR+LCAAAAAAAAP9tjTEOwjAUQ3+DOrAycoiUzoiJNerCCUITQtLo/zZJSSdOxNW4Ay2VmPBg2Zas93pDGQOcKBjuNHYWY2t570czJ54pdDdPmTu68pYwkte80bkhpc9rbShpWFUw2AjYamw9RYsmwU44+ZCVl2iqSwrzdhTArBrgCYWYyUmG9C1TgP19VJHwx/kLgKlPwOrDYvXyLD8BobDcwgAAAA==[0m[Pipeline] {
[8mha:////4KN2G9EuiNKgpGk16oiSEeRTKbajtA2/pmM99SjARDSKAAAAph+LCAAAAAAAAP9tjTEOwjAUQ3+LOrAycohUZUVMrFEWThCaEJJG/7dJSjpxIq7GHWipxIQHy7ZkvdcbqhjgRMEwp7GzGFvLej+aObFMobt5yszRlbWEkbxmQmdBSp/XKihpWFWUsOGw1dh6ihZNgh138iFrL9HUlxTm7cihtGqAJxR8JicZ0rdMAfb3UUXCH+cvAKY+Qdk0ix2WZ/UBbwyqm8IAAAA=[0m[Pipeline] stage
[8mha:////4BeJTbR0fbVgAfz/4vTkDGKVlw36OREDlegbCcyjiuVhAAAAph+LCAAAAAAAAP9tjTEOwjAUQ3+LOrAycohUwIiYukZZOEFoQkgb/V9+UtqJE3E17kBLJSY8WLYl673eUESGE7ETjcXWY6y96ELvpiQG4vYaaBANXURNGClYoeygyNhqqYqShUVZDisJa4t1oOjRJdjIRj90GTS68px42o4Scm/u8IRMTuSkOX3LyLC99SYS/jh/ATB2CfLdfrbD/Cw+y7kUycIAAAA=[0m[Pipeline] { (Declarative: Tool Install)
[8mha:////4JmiBYGggP9EAzfclaxi0/S2QqvDSzq1mfo4/dKKhphqAAAApB+LCAAAAAAAAP9tjTEOwjAQBC9BFLSUPOIiBB2iSmu54QUmNsaJdWdsh6TiRXyNPxCIRMUWq51t5vmCZYpw5GixNdQ5So3D4Hs7LRw4dhfPA7Z8xoYpsTcozSBZm3pGydnAnKKEhYCVocZzcmQzrEWr7qryimx1ynH6DgJKp2/wgEJM5qxi/sIYYXPtdWL6ef4KYAwZyu3uU/vwBgq0rvS+AAAA[0m[Pipeline] tool
[8mha:////4NMryk9wi+10QrMM3kl0OFjMPd4gYbuS3EsmpIKduwKPAAAApB+LCAAAAAAAAP9tjTEOwjAQBC9BFLSUPOIihKgQVVrLDS8wsTFOrDtjOyQVL+Jr/IFAJCq2WO1sM88XLFOEI0eLraHOUWocBt/baeHAsbt4HrDlMzZMib1BaQbJ2tQzSs4G5hQlLASsDDWekyObYS1adVeVV2SrU47TdxBQOn2DBxRiMmcV8xfGCJtrrxPTz/NXAGPIUG53n9qHN0uFte2+AAAA[0m[Pipeline] envVarsForTool
[8mha:////4ElEEjZAuObocfYBkFwzX6Qge3Rh7RxyOBC59PffHVHzAAAApR+LCAAAAAAAAP9tjTEOwjAQBC9BFLSUPOIihESDqNJabniBiY1xYt0Z2yGpeBFf4w8EIlGxxWpnm3m+YJkiHDlabA11jlLjMPjeTgsHjt3F84Atn7FhSuwNSjNI1qaeUXI2MKcoYSFgZajxnBzZDGvRqruqvCJbnXKcvoOA0ukbPKAQkzmrmL8wRthce52Yfp6/AhhDyFBu95/avQEeFbpZvgAAAA==[0m[Pipeline] }
[8mha:////4B2+gipKRs0YOPLMQ0r3FKQCHsnZMmUhwZdsvPXHu6p4AAAApB+LCAAAAAAAAP9tjTEOwjAQBC9BFLSUPOIiaCgQVVrLDS8wsTFOrDtjOyQVL+Jr/IFAJCq2WO1sM88XLFOEI0eLraHOUWocBt/baeHAsbt4HrDlMzZMib1BaQbJ2tQzSs4G5hQlLASsDDWekyObYS1adVeVV2SrU47TdxBQOn2DBxRiMmcV8xfGCJtrrxPTz/NXAGMIGcrt/lO7Ny324eW+AAAA[0m[Pipeline] // stage
[8mha:////4KoYhxuZZcp9gfOV+mk2QwjnBKwV4wKVihT/s8qRfrtLAAAApx+LCAAAAAAAAP9tjTEOwjAUQ3+LOrAycohU3ZAQE2uUhROEJoSk0f9tkpJOnIircQdaKjHhwbItWe/1hioGOFEwzGnsLMbWst6PZk4sU+hunjJzdGUtYSSvmdBZkNLntQpKGlYVJWw4bDW2nqJFk2DHnXzI2ks09SWFeTtyKK0a4AkFn8lJhvQtU4D9fVSR8Mf5C4CpT1A2zWKH5Vl9AAkvMTrCAAAA[0m[Pipeline] withEnv
[8mha:////4FeehZA9ohMLA39OgjNm4sQMvFkvyBSSwyTi7I/SaPUYAAAApx+LCAAAAAAAAP9tjTEOwjAUQ3+LOrAycohUbCDE1DXKwglCE0La6P/yk9JOnIircQdaKjHhwbItWe/1hiIynIidaCy2HmPtRRd6NyUxELfXQINo6CJqwkjBCmUHRcZWS1WULCzKclhJWFusA0WPLsFGNvqhy6DRlefE03aUkHtzhydkciInzelbRobtrTeR8Mf5C4CxS5Dv9rMd5mfxASnCIIrCAAAA[0m[Pipeline] {
[8mha:////4Iz+6k6YFooVgF98Ie3xhaVtXLP+Z618+RjXngNK+fwAAAAApx+LCAAAAAAAAP9tjTEOwjAUQ3+LOrAycogU2BDqxBp14QShCSFp9H9JUtKJE3E17kCgEhMeLNuS9Z4vqIKHhrxmVmFvMHSGDW7UObFEvr84SszSmXWEgZxirUotSXWca0tRwayihAWHpcLOUTCoI6y4FXdRO4G6PkWftwOH0sgbPKDgmRyFj98yeVhfRxkIf5y/AJiGCOV2n223+TyrN7xWSV3CAAAA[0m[Pipeline] stage
[8mha:////4PtqhWxdyDH21bY0rtRbzPVn9f9dssKRpbh5rLYNItyIAAAAph+LCAAAAAAAAP9tjTEOwjAUQ3+LOrAycogUWBFT1ygLJwhNCGmj/8tPSjtxIq7GHWipxIQHy7ZkvdcbishwInaisdh6jLUXXejdlMRA3F4DDaKhi6gJIwUrlB0UGVstVVGysCjLYSVhbbEOFD26BBvZ6Icug0ZXnhNP21FC7s0dnpDJiZw0p28ZGba33kTCH+cvAMYuQX7Yzbafn8UHbGnGmsIAAAA=[0m[Pipeline] { (Preparation)
[8mha:////4GNyq0D1xUV1Rp429bhg+QxUhwWrqSBPj/B5ezs7RMpmAAAAox+LCAAAAAAAAP9tjTEOwjAQBC9BFLSUPOIi0iIqWisNLzCJMXasO8d2cCpexNf4A4FIVGyx2tlmni9YxwBHDhqtot5QbA16N+p5YebQXx1ntHzBlimyU9io3HCnTgs2nBQsKUpYCdgoah1HQzrBVlh5l5WTpKtzCvN3EFCaboAHFGI2JxnSF6YAu9vYRaaf568AJp+grPefqv0bH7uiub4AAAA=[0m[Pipeline] tool
[8mha:////4FjtqifPe+5Frxd3xs6+CJobhq+tP5CEFti2cZuiOTSyAAAAox+LCAAAAAAAAP9tjTEOwjAQBC9BFLSUPOIioERUaS03vMDExjix7oztkFS8iK/xBwKRqNhitbPNPF+wTBGOHC22hjpHqXEYfG+nhQPH7uJ5wJbP2DAl9galGSRrU88oORuYU5SwELAy1HhOjmyGtWjVXVVeka1OOU7fQUDp9A0eUIjJnFXMXxgjbK69Tkw/z18BjCFDudt+ah/eXoq5oL4AAAA=[0m[Pipeline] envVarsForTool
[8mha:////4OddTMnyqsnV8ZE20GRKu2CTrKytTBwey1vdUv25t3k8AAAApx+LCAAAAAAAAP9tjTEOwjAUQ3+LOrAycohUIDbE1DXKwglCE0La6P/yk9JOnIircQdaKjHhwbItWe/1hiIynIidaCy2HmPtRRd6NyUxELfXQINo6CJqwkjBCmUHRcZWS1WULCzKclhJWFusA0WPLsFGNvqhy6DRlefE03aUkHtzhydkciInzelbRobtrTeR8Mf5C4CxS5Dvd7Md5mfxAR8nhQvCAAAA[0m[Pipeline] withEnv
[8mha:////4DZE8oATcywy9X54sYq2M1F/D36iwiwWuyAzJh1+wuh3AAAApx+LCAAAAAAAAP9tjTEOwjAUQ3+LOrAycohUQjAhpq5RFk4QmhDSRv+Xn5R24kRcjTvQUokJD5ZtyXqvNxSR4UTsRGOx9RhrL7rQuymJgbi9BhpEQxdRE0YKVig7KDK2WqqiZGFRlsNKwtpiHSh6dAk2stEPXQaNrjwnnrajhNybOzwhkxM5aU7fMjJsb72JhD/OXwCMXYJ8t5/tMD+LD/hYjrHCAAAA[0m[Pipeline] {
[8mha:////4C+Kz2MKcuowgQnP+zVAYn9g0bRbsTDnC5gi/z+ZL1AhAAAApR+LCAAAAAAAAP9tjTEOwjAQBC9BFLSUPOIiIUGDqNJabniBiY1xYt0Z2yGpeBFf4w8EIlGxxWpnm3m+YJkiHDlabA11jlLjMPjeTgsHjt3F84Atn7FhSuwNSjNI1qaeUXI2MKcoYSFgZajxnBzZDGvRqruqvCJbnXKcvoOA0ukbPKAQkzmrmL8wRthce52Yfp6/AhhDhnK7+9Q+vAEIWoEpvgAAAA==[0m[Pipeline] git
No credentials specified
 > git rev-parse --is-inside-work-tree # timeout=10
Fetching changes from the remote Git repository
 > git config remote.origin.url https://github.com/raknas999/hello-world-servlet.git # timeout=10
Fetching upstream changes from https://github.com/raknas999/hello-world-servlet.git
 > git --version # timeout=10
 > git fetch --tags --progress https://github.com/raknas999/hello-world-servlet.git +refs/heads/*:refs/remotes/origin/*
 > git rev-parse refs/remotes/origin/master^{commit} # timeout=10
 > git rev-parse refs/remotes/origin/origin/master^{commit} # timeout=10
Checking out Revision 0317aa61ed1fb3e9edbf0db6210ce107b9da226b (refs/remotes/origin/master)
 > git config core.sparsecheckout # timeout=10
 > git checkout -f 0317aa61ed1fb3e9edbf0db6210ce107b9da226b
 > git branch -a -v --no-abbrev # timeout=10
 > git branch -D master # timeout=10
 > git checkout -b master 0317aa61ed1fb3e9edbf0db6210ce107b9da226b
Commit message: "Update pom.xml"
First time build. Skipping changelog.
[8mha:////4DhZoUS5rF5YzDC9D+FDR28Rx0lWDfpHdkTuyW2JkfpuAAAApR+LCAAAAAAAAP9tjTEOwjAQBC9BFLSUPOIiISEKRJXWcsMLTGyME+vO2A5JxYv4Gn8gEImKLVY728zzBcsU4cjRYmuoc5Qah8H3dlo4cOwungds+YwNU2JvUJpBsjb1jJKzgTlFCQsBK0ON5+TIZliLVt1V5RXZ6pTj9B0ElE7f4AGFmMxZxfyFMcLm2uvE9PP8FcAYQoZyu//U7g3QKkBhvgAAAA==[0m[Pipeline] }
[8mha:////4Byx8o5Uu2azA854PAV4bmU/Rc1HUWy2tOV7NcDMJ77vAAAApR+LCAAAAAAAAP9tjTEOwjAQBC9BFLSUPOIiIQokRJXWcsMLTGyME+vO2A5JxYv4Gn8gEImKLVY728zzBcsU4cjRYmuoc5Qah8H3dlo4cOwungds+YwNU2JvUJpBsjb1jJKzgTlFCQsBK0ON5+TIZliLVt1V5RXZ6pTj9B0ElE7f4AGFmMxZxfyFMcLm2uvE9PP8FcAYQoZyu//U7g2TqBHnvgAAAA==[0m[Pipeline] // withEnv
[8mha:////4GXust0NwOUWKH74JhRC8hUtks8NCZxZdB7dXKsyP7whAAAApB+LCAAAAAAAAP9tjTEOwjAQBC9BFLSUPOIi6BCiSmu54QUmNsaJdWdsh6TiRXyNPxCIRMUWq51t5vmCZYpw5GixNdQ5So3D4Hs7LRw4dhfPA7Z8xoYpsTcozSBZm3pGydnAnKKEhYCVocZzcmQzrEWr7qryimx1ynH6DgJKp2/wgEJM5qxi/sIYYXPtdWL6ef4KYAwhQ7nbf2r7BrmPJ1y+AAAA[0m[Pipeline] }
[8mha:////4MPwDMeNhoX1sN9xlOkigAC1JVL+NB5Is91v+MlvPOwPAAAApB+LCAAAAAAAAP9tjTEOwjAQBC9BFLSUPOISQYmo0lppeIGJjXFi3RnbIal4EV/jD1hEomKL1c4283rDOgY4cTDYaxosxc6id6PJCycOw9XxhD1fsGOK7DS2empZ6WbBlpOGJUUJKwEbTZ3jaMkk2IpePmTlJJnqnEL+jgJKq+7whEJkc5IhfWEOsLuNKjL9PH8FMHufoDzUufb1B1PlWKq+AAAA[0m[Pipeline] // stage
[8mha:////4BPNApNHwDnKszfIBwHniK+9qKJbXArlFKXq9ZvPjt8/AAAAqB+LCAAAAAAAAP9tjTEOwjAUQ3+LOrAycohUFRNCTF2jLpwgNCEkjf4vSUo6cSKuxh0IVGLCg2Vbst7zBVXwcCSvmVU4GAy9YaObdE4skR8ujhKzdGY9YSCnWKdSR1K1S+0oKlhUlLDisFbYOwoGdYQNt+IuaidQ16fo83bgUBp5gwcUPJOj8PFbZg/b6yQD4Y/zFwDzGKFs9tl2zedZvQGtjmIwwgAAAA==[0m[Pipeline] stage
[8mha:////4IKLo22FOl2olF2+xYx2mA2I8GlA6xk7J94o+5oHYb9EAAAAph+LCAAAAAAAAP9tjTEOwjAUQ3+LOrAycohUwIiYukZZOEFoQkgb/V9+UtqJE3E17kBLJSY8WLYl673eUESGE7ETjcXWY6y96ELvpiQG4vYaaBANXURNGClYoeygyNhqqYqShUVZDisJa4t1oOjRJdjIRj90GTS68px42o4Scm/u8IRMTuSkOX3LyLC99SYS/jh/ATB2CfLDbrb9/Cw+2YMO4MIAAAA=[0m[Pipeline] { (Build)
[8mha:////4C6//gZXAO+N7lpho5rbO7/Upn0HTQCRoB8vidQUeJ0+AAAAox+LCAAAAAAAAP9tjTEOwjAQBC9BFLSUPOIikRJR0VppeIFJjLFj3Tm2g1PxIr7GHwhEomKL1c4283zBOgY4ctBoFfWGYmvQu1HPCzOH/uo4o+ULtkyRncJG5YY7dVqw4aRgSVHCSsBGUes4GtIJtsLKu6ycJF2dU5i/g4DSdAM8oBCzOcmQvjAF2N3GLjL9PH8FMPkEZb3/VO3favo5XL4AAAA=[0m[Pipeline] tool
[8mha:////4II+yp/ww8b0JGPNWV5rmZh7xgkWRBcyzK/EKjilNuaaAAAApB+LCAAAAAAAAP9tjTEOwjAQBC9BFLSUPOIiAR2iSmu54QUmNsaJdWdsh6TiRXyNPxCIRMUWq51t5vmCZYpw5GixNdQ5So3D4Hs7LRw4dhfPA7Z8xoYpsTcozSBZm3pGydnAnKKEhYCVocZzcmQzrEWr7qryimx1ynH6DgJKp2/wgEJM5qxi/sIYYXPtdWL6ef4KYAwZyt32U/vwBq1seBO+AAAA[0m[Pipeline] envVarsForTool
[8mha:////4J1izDI8ELGMGuBqTHrfA6uXyMy3tqYKRLMJEAd3mlprAAAApx+LCAAAAAAAAP9tjTEOwjAUQ3+LOrAycohUAjEhpq5RFk4QmhDSRv+Xn5R24kRcjTvQUokJD5ZtyXqvNxSR4UTsRGOx9RhrL7rQuymJgbi9BhpEQxdRE0YKVig7KDK2WqqiZGFRlsNKwtpiHSh6dAk2stEPXQaNrjwnnrajhNybOzwhkxM5aU7fMjJsb72JhD/OXwCMXYJ8v5vtMD+LD2DV6WTCAAAA[0m[Pipeline] withEnv
[8mha:////4NqFk5/vjXX/XeUuShb5jn3SLMzwqRPBBJm5sEWoCIPjAAAApx+LCAAAAAAAAP9tjTEOwjAUQ3+LOrAycoh0QLAgpq5RFk4QmhDSRv+Xn5R24kRcjTvQUokJD5ZtyXqvNxSR4UTsRGOx9RhrL7rQuymJgbi9BhpEQxdRE0YKVig7KDK2WqqiZGFRlsNKwtpiHSh6dAk2stEPXQaNrjwnnrajhNybOzwhkxM5aU7fMjJsb72JhD/OXwCMXYJ8t5/tMD+LD02yRsvCAAAA[0m[Pipeline] {
[8mha:////4BOAVHfg/C5QGee7Kx07Vyy6T3/vzGJHnX8hEIVW2LTLAAAApR+LCAAAAAAAAP9tjTEOwjAQBC9BFLSUPOJSIEGBqNJabniBiY1xYt0Z2yGpeBFf4w8EIlGxxWpnm3m+YJkiHDlabA11jlLjMPjeTgsHjt3F84Atn7FhSuwNSjNI1qaeUXI2MKcoYSFgZajxnBzZDGvRqruqvCJbnXKcvoOA0ukbPKAQkzmrmL8wRthce52Yfp6/AhhDhnK7+9Q+vAF9GxrMvgAAAA==[0m[Pipeline] sh
+ mvn -Dmaven.test.failure.ignore=true install
[INFO] Scanning for projects...
[WARNING] 
[WARNING] Some problems were encountered while building the effective model for com.geekcap.vmturbo:hello-world-servlet-example:war:1.0-SNAPSHOT
[WARNING] 'dependencies.dependency.(groupId:artifactId:type:classifier)' must be unique: junit:junit:jar -> version 3.8.1 vs 4.12 @ line 90, column 19
[WARNING] 
[WARNING] It is highly recommended to fix these problems because they threaten the stability of your build.
[WARNING] 
[WARNING] For this reason, future Maven versions might no longer support building such malformed projects.
[WARNING] 
[INFO] 
[INFO] ----------< com.geekcap.vmturbo:hello-world-servlet-example >-----------
[INFO] Building hello-world-servlet-example Maven Webapp 1.0-SNAPSHOT
[INFO] --------------------------------[ war ]---------------------------------
[INFO] 
[INFO] --- maven-resources-plugin:2.6:resources (default-resources) @ hello-world-servlet-example ---
[WARNING] Using platform encoding (UTF-8 actually) to copy filtered resources, i.e. build is platform dependent!
[INFO] skip non existing resourceDirectory /var/lib/jenkins/workspace/pipeline/src/main/resources
[INFO] 
[INFO] --- maven-compiler-plugin:2.0.2:compile (default-compile) @ hello-world-servlet-example ---
[INFO] Compiling 2 source files to /var/lib/jenkins/workspace/pipeline/target/classes
[INFO] 
[INFO] --- maven-resources-plugin:2.6:testResources (default-testResources) @ hello-world-servlet-example ---
[WARNING] Using platform encoding (UTF-8 actually) to copy filtered resources, i.e. build is platform dependent!
[INFO] skip non existing resourceDirectory /var/lib/jenkins/workspace/pipeline/src/test/resources
[INFO] 
[INFO] --- maven-compiler-plugin:2.0.2:testCompile (default-testCompile) @ hello-world-servlet-example ---
[INFO] Compiling 1 source file to /var/lib/jenkins/workspace/pipeline/target/test-classes
[INFO] 
[INFO] --- maven-surefire-plugin:2.12.4:test (default-test) @ hello-world-servlet-example ---
[INFO] Surefire report directory: /var/lib/jenkins/workspace/pipeline/target/surefire-reports

-------------------------------------------------------
 T E S T S
-------------------------------------------------------
Running com.geekcap.vmturbo.ThingTest
Tests run: 1, Failures: 0, Errors: 0, Skipped: 0, Time elapsed: 0.158 sec
Running test.SomeTest
Tests run: 6, Failures: 1, Errors: 0, Skipped: 1, Time elapsed: 0.021 sec <<< FAILURE!
test2(test.SomeTest)  Time elapsed: 0.02 sec  <<< FAILURE!
java.lang.AssertionError: oops
	at org.junit.Assert.fail(Assert.java:88)
	at test.Base.run(Base.java:35)
	at test.SomeTest.test2(SomeTest.java:36)
	at sun.reflect.NativeMethodAccessorImpl.invoke0(Native Method)
	at sun.reflect.NativeMethodAccessorImpl.invoke(NativeMethodAccessorImpl.java:62)
	at sun.reflect.DelegatingMethodAccessorImpl.invoke(DelegatingMethodAccessorImpl.java:43)
	at java.lang.reflect.Method.invoke(Method.java:498)
	at org.junit.runners.model.FrameworkMethod$1.runReflectiveCall(FrameworkMethod.java:50)
	at org.junit.internal.runners.model.ReflectiveCallable.run(ReflectiveCallable.java:12)
	at org.junit.runners.model.FrameworkMethod.invokeExplosively(FrameworkMethod.java:47)
	at org.junit.internal.runners.statements.InvokeMethod.evaluate(InvokeMethod.java:17)
	at org.junit.runners.ParentRunner.runLeaf(ParentRunner.java:325)
	at org.junit.runners.BlockJUnit4ClassRunner.runChild(BlockJUnit4ClassRunner.java:78)
	at org.junit.runners.BlockJUnit4ClassRunner.runChild(BlockJUnit4ClassRunner.java:57)
	at org.junit.runners.ParentRunner$3.run(ParentRunner.java:290)
	at org.junit.runners.ParentRunner$1.schedule(ParentRunner.java:71)
	at org.junit.runners.ParentRunner.runChildren(ParentRunner.java:288)
	at org.junit.runners.ParentRunner.access$000(ParentRunner.java:58)
	at org.junit.runners.ParentRunner$2.evaluate(ParentRunner.java:268)
	at org.junit.runners.ParentRunner.run(ParentRunner.java:363)
	at org.apache.maven.surefire.junit4.JUnit4Provider.execute(JUnit4Provider.java:252)
	at org.apache.maven.surefire.junit4.JUnit4Provider.executeTestSet(JUnit4Provider.java:141)
	at org.apache.maven.surefire.junit4.JUnit4Provider.invoke(JUnit4Provider.java:112)
	at sun.reflect.NativeMethodAccessorImpl.invoke0(Native Method)
	at sun.reflect.NativeMethodAccessorImpl.invoke(NativeMethodAccessorImpl.java:62)
	at sun.reflect.DelegatingMethodAccessorImpl.invoke(DelegatingMethodAccessorImpl.java:43)
	at java.lang.reflect.Method.invoke(Method.java:498)
	at org.apache.maven.surefire.util.ReflectionUtils.invokeMethodWithArray(ReflectionUtils.java:189)
	at org.apache.maven.surefire.booter.ProviderFactory$ProviderProxy.invoke(ProviderFactory.java:165)
	at org.apache.maven.surefire.booter.ProviderFactory.invokeProvider(ProviderFactory.java:85)
	at org.apache.maven.surefire.booter.ForkedBooter.runSuitesInProcess(ForkedBooter.java:115)
	at org.apache.maven.surefire.booter.ForkedBooter.main(ForkedBooter.java:75)

Running test.OtherTest
Tests run: 1, Failures: 0, Errors: 0, Skipped: 0, Time elapsed: 0.016 sec

Results :

Failed tests:   test2(test.SomeTest): oops

Tests run: 8, Failures: 1, Errors: 0, Skipped: 1

[ERROR] There are test failures.

Please refer to /var/lib/jenkins/workspace/pipeline/target/surefire-reports for the individual test results.
[INFO] 
[INFO] --- maven-war-plugin:2.2:war (default-war) @ hello-world-servlet-example ---
[INFO] Packaging webapp
[INFO] Assembling webapp [hello-world-servlet-example] in [/var/lib/jenkins/workspace/pipeline/target/helloworld]
[INFO] Processing war project
[INFO] Copying webapp resources [/var/lib/jenkins/workspace/pipeline/src/main/webapp]
[INFO] Webapp assembled in [47 msecs]
[INFO] Building war: /var/lib/jenkins/workspace/pipeline/target/helloworld.war
[INFO] WEB-INF/web.xml already added, skipping
[INFO] 
[INFO] --- maven-install-plugin:2.4:install (default-install) @ hello-world-servlet-example ---
[INFO] Installing /var/lib/jenkins/workspace/pipeline/target/helloworld.war to /var/lib/jenkins/.m2/repository/com/geekcap/vmturbo/hello-world-servlet-example/1.0-SNAPSHOT/hello-world-servlet-example-1.0-SNAPSHOT.war
[INFO] Installing /var/lib/jenkins/workspace/pipeline/pom.xml to /var/lib/jenkins/.m2/repository/com/geekcap/vmturbo/hello-world-servlet-example/1.0-SNAPSHOT/hello-world-servlet-example-1.0-SNAPSHOT.pom
[INFO] ------------------------------------------------------------------------
[INFO] BUILD SUCCESS
[INFO] ------------------------------------------------------------------------
[INFO] Total time:  5.649 s
[INFO] Finished at: 2019-09-04T10:31:25Z
[INFO] ------------------------------------------------------------------------
[8mha:////4AS3GvzCQ1hxkH7bnHtsfRVd89NhmUyK5HP5ReL59LEmAAAApR+LCAAAAAAAAP9tjTEOwjAQBC9BFLSUPOJSICEkRJXWcsMLTGyME+vO2A5JxYv4Gn8gEImKLVY728zzBcsU4cjRYmuoc5Qah8H3dlo4cOwungds+YwNU2JvUJpBsjb1jJKzgTlFCQsBK0ON5+TIZliLVt1V5RXZ6pTj9B0ElE7f4AGFmMxZxfyFMcLm2uvE9PP8FcAYQoZyu//U7g1K83O2vgAAAA==[0m[Pipeline] }
[8mha:////4HPu1iIom3OQCcqIGoNm2g3UlteqrwAvEmBZlvqPfdpJAAAApR+LCAAAAAAAAP9tjTEOwjAQBC9BFLSUPOJSIAqEqNJabniBiY1xYt0Z2yGpeBFf4w8EIlGxxWpnm3m+YJkiHDlabA11jlLjMPjeTgsHjt3F84Atn7FhSuwNSjNI1qaeUXI2MKcoYSFgZajxnBzZDGvRqruqvCJbnXKcvoOA0ukbPKAQkzmrmL8wRthce52Yfp6/AhhDyFBu95/avQFVcSbkvgAAAA==[0m[Pipeline] // withEnv
[8mha:////4KS1TbEoClA+4PstZK8yA213tr/aIeI6jTlmDb9BH4B1AAAApB+LCAAAAAAAAP9tjTEOwjAQBC9BFLSUPOKCgA6lorXc8AKTGOPEugu2g1PxIr7GH7CIRMUWq51t5vWGZfBQszfYaeothcbi4EaTFyb2/dVxwo4v2DAFdhqlTpJbfZpRctQwpyhhIWClqXEcLJkIa9Gph6qcIlOdo8/fUUBp2zs8oRDZHJWPX5g8bG5jG5h+nr8CmIYhQnnY5trvPrCL6pi+AAAA[0m[Pipeline] }
[8mha:////4Afgo6Q0Jx1vXGF3WJEIM2MoWJHVK3aEZXanxqDYOGsuAAAApB+LCAAAAAAAAP9tjTEOwjAQBC9BFLSUPOKiCDpEldZKwwtMbIwT687YDknFi/gaf8AiEhVbrHa2mdcb1jHAiYPBXtNgKXYWvRtNXjhxGK6OJ+z5gh1TZKex1VPLSjcLtpw0LClKWAnYaOocR0smwVb08iErJ8lU5xTydxRQWnWHJxQim5MM6QtzgN1tVJHp5/krgNn7BOWhzrWvP68Jv8q+AAAA[0m[Pipeline] // stage
[8mha:////4C8BknFgZcF9EU7c5nDUQvrz2lMlt0U8BV1hUz7b1sD8AAAAqB+LCAAAAAAAAP9tjTEOwjAUQ3+LOrAycohUIBaEOrFGXThBaEJIGv1fkpR04kRcjTsQqMSEB8u2ZL3nC6rgoSGvmVXYGwydYYMbdU4ske8vjhKzdGYdYSCnWKtSS1Id59pSVDCrKGHBYamwcxQM6ggrbsVd1E6grk/R5+3AoTTyBg8oeCZH4eO3TB7W11EGwh/nLwCmIUK52WfbbT/P6g2NwlFzwgAAAA==[0m[Pipeline] stage
[8mha:////4HdqMAdrvlnwz89H5zguAwam/Lz8K5XFwUfTH9+qzNlHAAAApx+LCAAAAAAAAP9tjTEOwjAUQ3+LOrAycohUAjbE1DXKwglCE0La6P/yk9JOnIircQdaKjHhwbItWe/1hiIynIidaCy2HmPtRRd6NyUxELfXQINo6CJqwkjBCmUHRcZWS1WULCzKclhJWFusA0WPLsFGNvqhy6DRlefE03aUkHtzhydkciInzelbRobtrTeR8Mf5C4CxS5AfdrPt52fxAXzhjwPCAAAA[0m[Pipeline] { (Results)
[8mha:////4OKPkJtlSmCdUPIJ9HhiSoF86ac+DcD++Xn8y+tE8B+aAAAAox+LCAAAAAAAAP9tjTEOwjAQBC9BFLSUPOJSkA5R0VppeIFJjLFj3Tm2g1PxIr7GHwhEomKL1c4283zBOgY4ctBoFfWGYmvQu1HPCzOH/uo4o+ULtkyRncJG5YY7dVqw4aRgSVHCSsBGUes4GtIJtsLKu6ycJF2dU5i/g4DSdAM8oBCzOcmQvjAF2N3GLjL9PH8FMPkEZb3/VO3fhXiFur4AAAA=[0m[Pipeline] tool
[8mha:////4FHn0ugxNipx8rhHDWAnH3ep2VWk5WtpeO9iCZzTZhilAAAApB+LCAAAAAAAAP9tjTEOwjAQBC9BFLSUPOJSABWiSmu54QUmNsaJdWdsh6TiRXyNPxCIRMUWq51t5vmCZYpw5GixNdQ5So3D4Hs7LRw4dhfPA7Z8xoYpsTcozSBZm3pGydnAnKKEhYCVocZzcmQzrEWr7qryimx1ynH6DgJKp2/wgEJM5qxi/sIYYXPtdWL6ef4KYAwZyt32U/vwBsRJnqO+AAAA[0m[Pipeline] envVarsForTool
[8mha:////4DDRmkZyVzMm2nXAv0lqsDirf7Eq7faytjpEurX61AZxAAAApx+LCAAAAAAAAP9tjTEOwjAUQ3+LOrAycoh0ALEgpq5RFk4QmhDSRv+Xn5R24kRcjTvQUokJD5ZtyXqvNxSR4UTsRGOx9RhrL7rQuymJgbi9BhpEQxdRE0YKVig7KDK2WqqiZGFRlsNKwtpiHSh6dAk2stEPXQaNrjwnnrajhNybOzwhkxM5aU7fMjJsb72JhD/OXwCMXYJ8v5vtMD+LDw+vzJLCAAAA[0m[Pipeline] withEnv
[8mha:////4I/HMvLzOWZTc0hNSTqaiKVR5t59oronb7qftXfXIfKiAAAApx+LCAAAAAAAAP9tjTEOwjAUQ3+LOrAycoh0QTAgpq5RFk4QmhDSRv+Xn5R24kRcjTvQUokJD5ZtyXqvNxSR4UTsRGOx9RhrL7rQuymJgbi9BhpEQxdRE0YKVig7KDK2WqqiZGFRlsNKwtpiHSh6dAk2stEPXQaNrjwnnrajhNybOzwhkxM5aU7fMjJsb72JhD/OXwCMXYJ8t5/tMD+LD+jQxyjCAAAA[0m[Pipeline] {
[8mha:////4E1gZNpJu8vuC1C1Y0PslDDKSEbvmVAznHbdOkRMznW9AAAApR+LCAAAAAAAAP9tjTEOwjAQBC9BFLSUPOLSIIGEqNJabniBiY1xYt0Z2yGpeBFf4w8EIlGxxWpnm3m+YJkiHDlabA11jlLjMPjeTgsHjt3F84Atn7FhSuwNSjNI1qaeUXI2MKcoYSFgZajxnBzZDGvRqruqvCJbnXKcvoOA0ukbPKAQkzmrmL8wRthce52Yfp6/AhhDhnK7+9Q+vAGaE3/ivgAAAA==[0m[Pipeline] junit
Recording test results
[8mha:////4EXcWck5sV0eqIj+KWYJo4IRWAveAf9OLoCDYWAMlHpeAAAApR+LCAAAAAAAAP9tjTEOwjAQBC9BFLSUPOLSICGEqNJabniBiY1xYt0Z2yGpeBFf4w8EIlGxxWpnm3m+YJkiHDlabA11jlLjMPjeTgsHjt3F84Atn7FhSuwNSjNI1qaeUXI2MKcoYSFgZajxnBzZDGvRqruqvCJbnXKcvoOA0ukbPKAQkzmrmL8wRthce52Yfp6/AhhDhnK7+9Q+vAHbImT7vgAAAA==[0m[Pipeline] archiveArtifacts
Archiving artifacts
[8mha:////4OXvxbaQO9jQJ8E9CDBjYL5wZGVbx0trLRQ2BGB7XbAjAAAApR+LCAAAAAAAAP9tjTEOwjAQBC9BFLSUPOJCAaJAqWgtN7zAJMY4se6C7eBUvIiv8QcsIlGxxWpnm3m9YRk81OwNdpp6S6GxOLjR5IWJfX91nLDjCzZMgZ1GqZPkVp9mlBw1zClKWAhYaWocB0smwlp06qEqp8hU5+jzdxRQ2vYOTyhENkfl4xcmD5vb2Aamn+evAKZhiFDut7l2hw9M4rYBvgAAAA==[0m[Pipeline] }
[8mha:////4H1HIryC1O7ZnI25SgOhAJTy+PeSItwhbVeQtipeMSLBAAAApR+LCAAAAAAAAP9tjTEOwjAQBC9BFLSUPOIiJKBBqWgtN7zAJMY4se6C7eBUvIiv8QcsIlGxxWpnm3m9YRk81OwNdpp6S6GxOLjR5IWJfX91nLDjCzZMgZ1GqZPkVp9mlBw1zClKWAhYaWocB0smwlp06qEqp8hU5+jzdxRQ2vYOTyhENkfl4xcmD5vb2Aamn+evAKZhiFDut7l2hw9/Ae29vgAAAA==[0m[Pipeline] // withEnv
[8mha:////4P3b+IxkpmgL2TXDSux90LNS9ncvOOdKgEPS5ESBzcmJAAAApR+LCAAAAAAAAP9tjTsOwjAQRDdBFLSUHGIj8alQKlrLDScwiTFOrN1gOzgVJ+Jq3AGLSFRMMZo3zXu9YRk81OwNdpp6S6GxOLjR5IWJfX91nLDjCzZMgZ1GqZPkVp9mlBw1zClKWAhYaWocB0smwlp06qEqp8hU5+jzdxRQ2vYOTyhENkfl4xcmD5vb2Aamn+evAKZhiFAetrn2uw9ehxNLvgAAAA==[0m[Pipeline] }
[8mha:////4BoExF1oXSQY/qrqJf5QuTunyyVuMPQjv/OHaiHnDh5RAAAApR+LCAAAAAAAAP9tjTsOwjAQRDdBFLSUHGIj8alQKlrLDScwiTFOrN1gOzgVJ+Jq3AGLSFRMMZo3zXu9YRk81OwNdpp6S6GxOLjR5IWJfX91nLDjCzZMgZ1GqZPkVp9mlBw1zClKWAhYaWocB0smwlp06qEqp8hU5+jzdxRQ2vYOTyhENkfl4xcmD5vb2Aamn+evAKZhiFAedrn22w9tZEj3vgAAAA==[0m[Pipeline] // stage
[8mha:////4DL6JJZWVV6rG0j3LeOWHBFNsVxCVgrpMZZYirrm3AUYAAAAqB+LCAAAAAAAAP9tjTEOwjAUQ3+LOrAycohUSDAg1Ik16sIJQhNC0uj/kqSkEyfiatyBQCUmPFi2Jes9X1AFDw15zazC3mDoDBvcqHNiiXx/cZSYpTPrCAM5xVqVWpLqONeWooJZRQkLDkuFnaNgUEdYcSvuonYCdX2KPm8HDqWRN3hAwTM5Ch+/ZfKwvo4yEP44fwEwDRHKzT7bbvt5Vm8kKn8DwgAAAA==[0m[Pipeline] stage
[8mha:////4EH6/xaPtf154JyHM0DWVCB8H9Azk8emr7+JtPDWrskOAAAAph+LCAAAAAAAAP9tjTEOwjAUQ3+DOrAycoh0oRNiYo26cILQhJA0+r9NUtKJE3E17kBLJSY8WLYl673eUMYAJwqGO42dxdha3vvRzIlnCt3NU+aOrrwljOQ1b3RuSOnzWhtKGlYVDDYCthpbT9GiSbATTj5k5SWa6pLCvB0FMKsGeEIhZnKSIX3LFGB/H1Uk/HH+AmDqE7D6sFi9PMsP+Y+xAMIAAAA=[0m[Pipeline] { (Sonarqube)
[8mha:////4GB4CIOt6wWoirwCSM/Uzz8tIYBZBqNUlwXFhVQEZlmKAAAAox+LCAAAAAAAAP9tjTESwiAURH/iWNhaeghSxcaxsmVoPAEmiBDmfwJEUnkir+YdRDNj5RY7+7Z5zxesY4AjBc2swsFg7AzzbtJlsUxhuDrKzNKFdYSRnGJCZUG9Oi0oKClYUtWw4rBR2DmKBnWCLbfyLhsnUTfnFMp34FCbfoQHVLyYkwzpC3OA3W3qI+HP81cAs09Qt+2n9v4NlEULJr4AAAA=[0m[Pipeline] tool
[8mha:////4Ea+DXCrl/khZDcW47fT6ePySI1EXxOGcmqvmGueWfDSAAAAox+LCAAAAAAAAP9tjTESwiAURH/iWNhaeghSZSwcK1uGxhNggghh/idAJJUn8mreQTQzVm6xs2+b93zBOgY4UtDMKhwMxs4w7yZdFssUhqujzCxdWEcYySkmVBbUq9OCgpKCJVUNKw4bhZ2jaFAn2HIr77JxEnVzTqF8Bw616Ud4QMWLOcmQvjAH2N2mPhL+PH8FMHufoG73n2rfmYKm674AAAA=[0m[Pipeline] }
[8mha:////4Iel+MOLC7kPT6hemn8EjVJX4qDa8aoj8tFTeTSf5nPYAAAApR+LCAAAAAAAAP9tjTEOwjAQBC9BFLSUPOLSgISEqNJabniBiY1xYt0Z2yGpeBFf4w8EIlGxxWpnm3m+YJkiHDlabA11jlLjMPjeTgsHjt3F84Atn7FhSuwNSjNI1qaeUXI2MKcoYSFgZajxnBzZDGvRqruqvCJbnXKcvoOA0ukbPKAQkzmrmL8wRthce52Yfp6/AhhDyFDu9p/avgHaAPdtvgAAAA==[0m[Pipeline] // stage
[8mha:////4MQT7TrZLnCpLjqyAcYBaIr8fTzrxPFuJhc0i0do6yNuAAAAqB+LCAAAAAAAAP9tjTEOwjAUQ3+LOrAycohUDAwVYuoaZeEEIQkhbfR/SVLaiRNxNe5AoBITHizbkvWeL6higCMFyzqDvcOoHBv8aHNiE4X+4mliHZ2ZIozkDRNmEqRNu1RBycCiooQVh7VB5Sk6tAk2vJN3WXuJtj6lkLcDh9LpGzyg4JmcZEjfMgfYXkcdCX+cvwCYhwTlrsm2bz7P6g36OeG/wgAAAA==[0m[Pipeline] stage
[8mha:////4DOUqoAPzXBewcZAf4Pwwr6X15TKG3BlKZThkd8EevYjAAAAqB+LCAAAAAAAAP9tjTEOwjAUQ3+LOrAycoiUBSSEOrFGXThBaEJIGv1fkpR04kRcjTsQqMSEB8u2ZL3nC6rgoSGvmVXYGwydYYMbdU4ske8vjhKzdGYdYSCnWKtSS1Id59pSVDCrKGHBYamwcxQM6ggrbsVd1E6grk/R5+3AoTTyBg8oeCZH4eO3TB7W11EGwh/nLwCmIUK53WfbbT7P6g3QSQCqwgAAAA==[0m[Pipeline] { (Artifact upload)
Stage "Artifact upload" skipped due to earlier failure(s)
[8mha:////4JU6WS7gm9xO/u58CL6hhRxbbvR3AhlwUpYVtVCQUYAZAAAApB+LCAAAAAAAAP9tjTEOwjAQBC9BFLSUPOICDQ2iSmu54QUmNsaJdWdsh6TiRXyNPxCIRMUWq51t5vmCZYpw5GixNdQ5So3D4Hs7LRw4dhfPA7Z8xoYpsTcozSBZm3pGydnAnKKEhYCVocZzcmQzrEWr7qryimx1ynH6DgJKp2/wgEJM5qxi/sIYYXPtdWL6ef4KYAwhQ7nffWr7BlXcUFe+AAAA[0m[Pipeline] }
[8mha:////4AoHv4VmLr6DBn3r2db2SRwsDMwxx4cpWiAbn5nwLjb+AAAAph+LCAAAAAAAAP9tjTEOwjAQBC9BFLSUPOIiIYGEUCpayw0vMIkxTqy7YDs4FS/ia/wBi0hUbLHa2WZeb1gGDzV7g52m3lJoLA5uNHlhYt9fHSfs+IINU2CnUeokudWnGSVHDXOKEhYCVpoax8GSibAWnXqoyiky1Tn6/B0FlLa9wxMKkc1R+fiFycPmNraB6ef5K4BpGCKU+22u3eEDnEU1g74AAAA=[0m[Pipeline] // stage
[8mha:////4BNG9dbYe46MSYKFYuRgJ5X+IG38k66Cjc9Fpc5Ul44rAAAAqB+LCAAAAAAAAP9tjUEKwjAURH8rXbh16SFSRBBEunIbuvEEsYkxafi/JqnpyhN5Ne9gtODKWQwzA8N7vqAKHhrymlmFvcHQGTa4UefEEvn+4igxS2fWEQZyirUqtSTVca4tRQWzihIWHJYKO0fBoI6w4lbcRe0E6voUfd4OHEojb/CAgmdyFD5+y+RhfR1lIPxx/gJgGiKUm3223fbzrN4BAJIvwgAAAA==[0m[Pipeline] stage
[8mha:////4C+Fkhom8P+G7hBCbWfRenQYySDGmdzjZl2TgxuwNl3sAAAApx+LCAAAAAAAAP9tjTEOwjAUQ3+LOrAycoh0ALEgpq5RFk4QmhDSRv+Xn5R24kRcjTvQUokJD5ZtyXqvNxSR4UTsRGOx9RhrL7rQuymJgbi9BhpEQxdRE0YKVig7KDK2WqqiZGFRlsNKwtpiHSh6dAk2stEPXQaNrjwnnrajhNybOzwhkxM5aU7fMjJsb72JhD/OXwCMXYL8sJttPz+LD7KBoKTCAAAA[0m[Pipeline] { (Declarative: Post Actions)
[8mha:////4HuBOigE1unRstiQzFxgZN7JQhhXqkf/Rf+3wxgUMxAQAAAApB+LCAAAAAAAAP9tjTEOwjAQBC9BFLSUPOLSAA2iSmu54QUmNsaJdWdsh6TiRXyNPxCIRMUWq51t5vmCZYpw5GixNdQ5So3D4Hs7LRw4dhfPA7Z8xoYpsTcozSBZm3pGydnAnKKEhYCVocZzcmQzrEWr7qryimx1ynH6DgJKp2/wgEJM5qxi/sIYYXPtdWL6ef4KYAwZyv32U7vwBlmkmCe+AAAA[0m[Pipeline] mail
[8mha:////4G6RtrcvzLUEN24p7w5TsygdG9lqRppopqvUIXmONJalAAAApB+LCAAAAAAAAP9tjTEOwjAQBC9BFLSUPOLSoDSIitZKwwtMYowd686xHZyKF/E1/kAgEhVbrHa2mecL1jHAkYNGq6g3FFuD3o16Xpg59FfHGS1fsGWK7BQ2KjfcqdOCDScFS4oSVgI2ilrH0ZBOsBVW3mXlJOnqnML8HQSUphvgAYWYzUmG9IUpwO42dpHp5/krgMn7BGVdf2r/BvQoOE2+AAAA[0m[Pipeline] }
[8mha:////4H1RovHLtWsAza3bVoCuSdXMPUSploj+zi6LAikQmSU2AAAApR+LCAAAAAAAAP9tjTEOwjAQBC9BFLSUPOJSIEGBqNJabniBiY1xYt0Z2yGpeBFf4w8EIlGxxWpnm3m+YJkiHDlabA11jlLjMPjeTgsHjt3F84Atn7FhSuwNSjNI1qaeUXI2MKcoYSFgZajxnBzZDGvRqruqvCJbnXKcvoOA0ukbPKAQkzmrmL8wRthce52Yfp6/AhhDyFDu9p/avgHybgAYvgAAAA==[0m[Pipeline] // stage
[8mha:////4N+zNjvoEXRmXa6lnbB26Wmj+2SxTuwQsUptIl8m+bsDAAAApR+LCAAAAAAAAP9tjTEOwjAQBC9BFLSUPOIiGgRCqWgtN7zAJMY4se6C7eBUvIiv8QcsIlGxxWpnm3m9YRk81OwNdpp6S6GxOLjR5IWJfX91nLDjCzZMgZ1GqZPkVp9mlBw1zClKWAhYaWocB0smwlp06qEqp8hU5+jzdxRQ2vYOTyhENkfl4xcmD5vb2Aamn+evAKZhiFDu9rm2hw/+o8JGvgAAAA==[0m[Pipeline] }
[8mha:////4EzTTxhNgWbN3339ZySBk0sN96MP4DdWQPxcB7CcJs6tAAAApR+LCAAAAAAAAP9tjTEOwjAQBC9BFLSUPOIiGgRCqWgtN7zAJMY4se6C7eBUvIiv8QcsIlGxxWpnm3m9YRk81OwNdpp6S6GxOLjR5IWJfX91nLDjCzZMgZ1GqZPkVp9mlBw1zClKWAhYaWocB0smwlp06qEqp8hU5+jzdxRQ2vYOTyhENkfl4xcmD5vb2Aamn+evAKZhiFDuDrm2+w/NQJn6vgAAAA==[0m[Pipeline] // withEnv
[8mha:////4EMQhzItq2opEnVb8wRsotNOKiu2847TRQOg+vZqlImYAAAApB+LCAAAAAAAAP9tjTEOwjAQBC9BFLSUPMIhFQWiSmul4QUmPowT687YDknFi/gaf8AiEhVbrHa2mdcb1jHAiYMRPdJgKXZWeDeavMTEYbg6nkTPF9ExRXYoWpxa1tgs2HJCWFKUsJKwQeocR0smwVb26qEqp8hU5xTyd5RQWn2HJxQym5MK6QtzgN1t1JHp5/krgNn7BOVhn6uuPxWiPQK+AAAA[0m[Pipeline] }
[8mha:////4OBydJku3gqNS0hLjoBuUGWqMuzdTUU4UoyKcWufVc/4AAAApB+LCAAAAAAAAP9tjTEOwjAQBC9BFLSUPMIhFQWiSmul4QUmPowT687YDknFi/gaf8AiEhVbrHa2mdcb1jHAiYMRPdJgKXZWeDeavMTEYbg6nkTPF9ExRXYoWpxa1tgs2HJCWFKUsJKwQeocR0smwVb26qEqp8hU5xTyd5RQWn2HJxQym5MK6QtzgN1t1JHp5/krgNn7BOWhzlXvPyZBZr6+AAAA[0m[Pipeline] // withEnv
[8mha:////4EFydT2y26v8eNk7+LP4i3KPYGX9UL5Eo1767/kakpMKAAAApB+LCAAAAAAAAP9tjTEOwjAQBDdBFLSUPMKREBIFoqK10vACkxjjxLoL9oWk4kV8jT8QEYmKrXammdcbyxRx5OhUY6n1lCqvutC76amBY3sNPKiGL6piShysKu1Qcm1PM5YsFvOyHAuNlaUqcPLkBGvdmIcpgiFXnCVO7qCR+/qOJzI9lcVE+cIYsbn1dWL6df4GMHadIN9vBdnuA/ib3H69AAAA[0m[Pipeline] }
[8mha:////4G5WfdvNO2kLsqCoaEriqJy36fkTsE2/rYNj3tkWRAnCAAAAox+LCAAAAAAAAP9tjTESgjAQRT84FraWHiIUFBaOlW2GxhNEiDGQ2cVkESpP5NW8g4zMWPmr/17zXm+sU8SRo1Otpc5Tqr3qw+Dmp0aO3TXwqFq+qJopcbCqsmPFjT0tWLFYLMtyrDQ2lurAyZMTbHVrHqYIhlxxlji7g0bumzueyPRcFhPlC1PE7jY0ienX+RvA1PeCfF8KsvID6yfY3b0AAAA=[0m[Pipeline] // node
[8mha:////4Oq1y7iOZmEKvBpGMXRChITeUTrWtoP7aft/FwyZDSXCAAAApB+LCAAAAAAAAP9tjTEOwjAQBDdBFLSUPMKREBIFoqK10vACkxjjxLoL9oWk4kV8jT8QEYmKrXammdcbyxRx5OhUY6n1lCqvutC76amBY3sNPKiGL6piShysKu1Qcm1PM5YsFvOyHAuNlaUqcPLkBGvdmIcpgiFXnCVO7qCR+/qOJzI9lcVE+cIYsbn1dWL6df4GMHadIN/vBNn2A23L/xi9AAAA[0m[Pipeline] End of Pipeline
ERROR: No tool named sonarqube found
Finished: FAILURE
